<?xml version="1.0" encoding="UTF-8"?>
<!-- Generated by org.testng.reporters.JUnitReportReporter -->
<testsuite skipped="0" hostname="Dell-PC" name="test.LoginTest" tests="2" failures="0" timestamp="28 May 2019 17:57:53 GMT" time="13.390" errors="0">
  <testcase name="loginWithValidUserTest" time="9.247" classname="test.LoginTest"/>
  <testcase name="loginWithInValidUserTest" time="4.143" classname="test.LoginTest"/>
</testsuite> <!-- test.LoginTest -->
